<?xml version="1.0" encoding="UTF-8"?>
<!-- Generated by org.testng.reporters.JUnitXMLReporter -->
<testsuite ignored="5" hostname="VNCP-Lap" failures="0" tests="2" name="Sanity Test" time="26.274" errors="0" timestamp="2022-12-13T16:40:55 GMT">
  <testcase classname="com.nopcommerce.demo.testsuite.HomePageTest" name="verifyUserShouldNavigateToComputer" time="1.354"/>
  <testcase classname="com.nopcommerce.demo.testsuite.ComputerTest1" name="verifyProductAddedToShoppingCartSuccessFully" time="12.23"/>
  <testcase classname="com.nopcommerce.demo.testsuite.ComputerTest" name="verifyProductArrangeInAlphaBaticalOrder" time="0.0">
    <ignored/>
  </testcase> <!-- verifyProductArrangeInAlphaBaticalOrder -->
  <testcase classname="com.nopcommerce.demo.testsuite.HomePageTest" name="verifyUserShouldNavigateToElectronics" time="0.0">
    <ignored/>
  </testcase> <!-- verifyUserShouldNavigateToElectronics -->
  <testcase classname="com.nopcommerce.demo.testsuite.ElectronicTest" name="verifyUserShouldNavigateToCellPhonesPageSuccessfully" time="0.0">
    <ignored/>
  </testcase> <!-- verifyUserShouldNavigateToCellPhonesPageSuccessfully -->
  <testcase classname="com.nopcommerce.demo.testsuite.HomePageTest" name="verifyUserShouldNavigateToApparel" time="0.0">
    <ignored/>
  </testcase> <!-- verifyUserShouldNavigateToApparel -->
  <testcase classname="com.nopcommerce.demo.testsuite.ElectronicTest" name="verifyThatTheProductAddedSuccessfullyAndPlaceOrderSuccessfully" time="0.0">
    <ignored/>
  </testcase> <!-- verifyThatTheProductAddedSuccessfullyAndPlaceOrderSuccessfully -->
</testsuite> <!-- Sanity Test -->
