<?xml version="1.0" encoding="UTF-8"?>
<!-- Generated by org.testng.reporters.JUnitXMLReporter -->
<testsuite ignored="3" hostname="VNCP-Lap" failures="0" tests="4" name="Regression Test" time="35.137" errors="0" timestamp="2022-12-13T16:38:28 GMT">
  <testcase classname="com.nopcommerce.demo.testsuite.HomePageTest" name="verifyUserShouldNavigateToApparel" time="0.78"/>
  <testcase classname="com.nopcommerce.demo.testsuite.HomePageTest" name="verifyUserShouldNavigateToComputer" time="0.692"/>
  <testcase classname="com.nopcommerce.demo.testsuite.HomePageTest" name="verifyUserShouldNavigateToElectronics" time="0.767"/>
  <testcase classname="com.nopcommerce.demo.testsuite.ComputerTest1" name="verifyProductAddedToShoppingCartSuccessFully" time="13.391"/>
  <testcase classname="com.nopcommerce.demo.testsuite.ElectronicTest" name="verifyUserShouldNavigateToCellPhonesPageSuccessfully" time="0.0">
    <ignored/>
  </testcase> <!-- verifyUserShouldNavigateToCellPhonesPageSuccessfully -->
  <testcase classname="com.nopcommerce.demo.testsuite.ElectronicTest" name="verifyThatTheProductAddedSuccessfullyAndPlaceOrderSuccessfully" time="0.0">
    <ignored/>
  </testcase> <!-- verifyThatTheProductAddedSuccessfullyAndPlaceOrderSuccessfully -->
  <testcase classname="com.nopcommerce.demo.testsuite.ComputerTest" name="verifyProductArrangeInAlphaBaticalOrder" time="0.0">
    <ignored/>
  </testcase> <!-- verifyProductArrangeInAlphaBaticalOrder -->
</testsuite> <!-- Regression Test -->
