<?xml version="1.0" encoding="UTF-8"?>
<testng-results ignored="0" total="7" passed="5" failed="2" skipped="0">
  <reporter-output>
    <line>
      <![CDATA[verifyElectronics[[ChromeDriver: chrome on WINDOWS (65c162b2ab3b38eca235cde1c4b4e25b)] -> xpath: //a[@href='/electronics']]]]>
    </line>
    <line>
      <![CDATA[Click to see screenshot]]>
    </line>
    <line>
      <![CDATA[<a target = "_blank" href=C:\Users\Nimisha\Week15-project4-com-nopcommerce.demo-page-factory_NimishaPatel/test-output/html/verifyUserShouldNavigateToApparelTue_Dec_13_16_46_32_GMT_2022.jpg>Screenshot</a>]]>
    </line>
    <line>
      <![CDATA[<br>]]>
    </line>
    <line>
      <![CDATA[Click to see screenshot]]>
    </line>
    <line>
      <![CDATA[<a target = "_blank" href=C:\Users\Nimisha\Week15-project4-com-nopcommerce.demo-page-factory_NimishaPatel/test-output/html/verifyUserShouldNavigateToApparelTue_Dec_13_16_46_32_GMT_2022.jpg>Screenshot</a>]]>
    </line>
    <line>
      <![CDATA[<br>]]>
    </line>
    <line>
      <![CDATA[verifyComputer[[ChromeDriver: chrome on WINDOWS (863dbef5b535fccc39890224786c14d3)] -> xpath: //a[@href='/computers']]]]>
    </line>
    <line>
      <![CDATA[Click to see screenshot]]>
    </line>
    <line>
      <![CDATA[<a target = "_blank" href=C:\Users\Nimisha\Week15-project4-com-nopcommerce.demo-page-factory_NimishaPatel/test-output/html/verifyUserShouldNavigateToComputerTue_Dec_13_16_46_37_GMT_2022.jpg>Screenshot</a>]]>
    </line>
    <line>
      <![CDATA[<br>]]>
    </line>
    <line>
      <![CDATA[Click to see screenshot]]>
    </line>
    <line>
      <![CDATA[<a target = "_blank" href=C:\Users\Nimisha\Week15-project4-com-nopcommerce.demo-page-factory_NimishaPatel/test-output/html/verifyUserShouldNavigateToComputerTue_Dec_13_16_46_38_GMT_2022.jpg>Screenshot</a>]]>
    </line>
    <line>
      <![CDATA[<br>]]>
    </line>
    <line>
      <![CDATA[verifyElectronics[[ChromeDriver: chrome on WINDOWS (40ee18eb41a078c18e14d941054f85fa)] -> xpath: //a[@href='/electronics']]]]>
    </line>
    <line>
      <![CDATA[Click to see screenshot]]>
    </line>
    <line>
      <![CDATA[<a target = "_blank" href=C:\Users\Nimisha\Week15-project4-com-nopcommerce.demo-page-factory_NimishaPatel/test-output/html/verifyUserShouldNavigateToElectronicsTue_Dec_13_16_46_43_GMT_2022.jpg>Screenshot</a>]]>
    </line>
    <line>
      <![CDATA[<br>]]>
    </line>
    <line>
      <![CDATA[Click to see screenshot]]>
    </line>
    <line>
      <![CDATA[<a target = "_blank" href=C:\Users\Nimisha\Week15-project4-com-nopcommerce.demo-page-factory_NimishaPatel/test-output/html/verifyUserShouldNavigateToElectronicsTue_Dec_13_16_46_43_GMT_2022.jpg>Screenshot</a>]]>
    </line>
    <line>
      <![CDATA[<br>]]>
    </line>
    <line>
      <![CDATA[computerMenu[[ChromeDriver: chrome on WINDOWS (db325a2794bc77253b4be22fd444fe2a)] -> xpath: //a[@href='/computers']]]]>
    </line>
    <line>
      <![CDATA[desktopMenu[[ChromeDriver: chrome on WINDOWS (db325a2794bc77253b4be22fd444fe2a)] -> xpath: //h2[@class='title']//a]]]>
    </line>
    <line>
      <![CDATA[Click to see screenshot]]>
    </line>
    <line>
      <![CDATA[<a target = "_blank" href=C:\Users\Nimisha\Week15-project4-com-nopcommerce.demo-page-factory_NimishaPatel/test-output/html/verifyProductArrangeInAlphaBaticalOrderTue_Dec_13_16_47_08_GMT_2022.jpg>Screenshot</a>]]>
    </line>
    <line>
      <![CDATA[<br>]]>
    </line>
    <line>
      <![CDATA[Click to see screenshot]]>
    </line>
    <line>
      <![CDATA[<a target = "_blank" href=C:\Users\Nimisha\Week15-project4-com-nopcommerce.demo-page-factory_NimishaPatel/test-output/html/verifyProductArrangeInAlphaBaticalOrderTue_Dec_13_16_47_08_GMT_2022.jpg>Screenshot</a>]]>
    </line>
    <line>
      <![CDATA[<br>]]>
    </line>
    <line>
      <![CDATA[clickOnComputer[[ChromeDriver: chrome on WINDOWS (294246bce8511ec8935d955e5526854b)] -> xpath: //a[@href='/computers']]]]>
    </line>
    <line>
      <![CDATA[clickOnDesktop[[ChromeDriver: chrome on WINDOWS (294246bce8511ec8935d955e5526854b)] -> xpath: //h2[@class='title']//a]]]>
    </line>
    <line>
      <![CDATA[getSelectByValue[[ChromeDriver: chrome on WINDOWS (294246bce8511ec8935d955e5526854b)] -> xpath: //select[@name='products-orderby']]]]>
    </line>
    <line>
      <![CDATA[getVerifyBuildYourOwn[[ChromeDriver: chrome on WINDOWS (294246bce8511ec8935d955e5526854b)] -> xpath: //h1[contains(text(),'Build your own computer')]]]]>
    </line>
    <line>
      <![CDATA[selectProcessorByValue[[ChromeDriver: chrome on WINDOWS (294246bce8511ec8935d955e5526854b)] -> xpath: //select[@id='product_attribute_1']]]]>
    </line>
    <line>
      <![CDATA[selectRamByValue[[ChromeDriver: chrome on WINDOWS (294246bce8511ec8935d955e5526854b)] -> xpath: //select[@id='product_attribute_2']]]]>
    </line>
    <line>
      <![CDATA[clickOnHDD400GB[[ChromeDriver: chrome on WINDOWS (294246bce8511ec8935d955e5526854b)] -> xpath: //label[text()='400 GB [+$100.00]']]]]>
    </line>
    <line>
      <![CDATA[clickOnOsVistaPremium[[ChromeDriver: chrome on WINDOWS (294246bce8511ec8935d955e5526854b)] -> xpath: //label[text()='Vista Premium [+$60.00]']]]]>
    </line>
    <line>
      <![CDATA[clickOnSoftwareTotalCommander[[ChromeDriver: chrome on WINDOWS (294246bce8511ec8935d955e5526854b)] -> xpath: //input[@id='product_attribute_5_12']]]]>
    </line>
    <line>
      <![CDATA[clickOnAddToCartButton[[ChromeDriver: chrome on WINDOWS (294246bce8511ec8935d955e5526854b)] -> xpath: //button[@id='add-to-cart-button-1']]]]>
    </line>
    <line>
      <![CDATA[verifyCaryMessage[[ChromeDriver: chrome on WINDOWS (294246bce8511ec8935d955e5526854b)] -> xpath: //body/div[@id='bar-notification']/div[1]/p[1]]]]>
    </line>
    <line>
      <![CDATA[closeMessageBar[[ChromeDriver: chrome on WINDOWS (294246bce8511ec8935d955e5526854b)] -> xpath: //body/div[@id='bar-notification']/div[1]/span[1]]]]>
    </line>
    <line>
      <![CDATA[mouseHoverOnElementShoppingCart[[ChromeDriver: chrome on WINDOWS (294246bce8511ec8935d955e5526854b)] -> xpath: //span[contains(text(),'Shopping cart')]]]]>
    </line>
    <line>
      <![CDATA[clickOnGoToCart[[ChromeDriver: chrome on WINDOWS (294246bce8511ec8935d955e5526854b)] -> xpath: //button[@class='button-1 cart-button']]]]>
    </line>
    <line>
      <![CDATA[sendTextToQuantityField[[ChromeDriver: chrome on WINDOWS (294246bce8511ec8935d955e5526854b)] -> xpath: //input[@value='1']]]]>
    </line>
    <line>
      <![CDATA[clickOnUpdateShoppingCartButton[[ChromeDriver: chrome on WINDOWS (294246bce8511ec8935d955e5526854b)] -> xpath: //button[@id='updatecart']]]]>
    </line>
    <line>
      <![CDATA[clickOnCheckBoxIAgreeWithTermsAndCondition[[ChromeDriver: chrome on WINDOWS (294246bce8511ec8935d955e5526854b)] -> xpath: //input[@id='termsofservice']]]]>
    </line>
    <line>
      <![CDATA[clickOnCheckOutButton[[ChromeDriver: chrome on WINDOWS (294246bce8511ec8935d955e5526854b)] -> xpath: //button[@id='checkout']]]]>
    </line>
    <line>
      <![CDATA[clickOnCheckOutAsGuest[[ChromeDriver: chrome on WINDOWS (294246bce8511ec8935d955e5526854b)] -> xpath: //button[contains(text(),'Checkout as Guest')]]]]>
    </line>
    <line>
      <![CDATA[sendTextToFirstNameFieldPari[[ChromeDriver: chrome on WINDOWS (294246bce8511ec8935d955e5526854b)] -> id: BillingNewAddress_FirstName]]]>
    </line>
    <line>
      <![CDATA[sendTextToLastNameFieldPatel[[ChromeDriver: chrome on WINDOWS (294246bce8511ec8935d955e5526854b)] -> id: BillingNewAddress_LastName]]]>
    </line>
    <line>
      <![CDATA[sendTextToEmailFieldparipatel123@gmail.com[[ChromeDriver: chrome on WINDOWS (294246bce8511ec8935d955e5526854b)] -> id: BillingNewAddress_Email]]]>
    </line>
    <line>
      <![CDATA[sendTextToCompanyField123456[[ChromeDriver: chrome on WINDOWS (294246bce8511ec8935d955e5526854b)] -> id: BillingNewAddress_Company]]]>
    </line>
    <line>
      <![CDATA[sendTextToCityFieldCambridge[[ChromeDriver: chrome on WINDOWS (294246bce8511ec8935d955e5526854b)] -> xpath: //input[@id='BillingNewAddress_City']]]]>
    </line>
    <line>
      <![CDATA[sendTextToAddressLine1Hilton Road[[ChromeDriver: chrome on WINDOWS (294246bce8511ec8935d955e5526854b)] -> css selector: #BillingNewAddress_Address1]]]>
    </line>
    <line>
      <![CDATA[sendTextToAddressLine2Cambridge[[ChromeDriver: chrome on WINDOWS (294246bce8511ec8935d955e5526854b)] -> css selector: #BillingNewAddress_Address2]]]>
    </line>
    <line>
      <![CDATA[sendTextToPostcodeCB4 3NB[[ChromeDriver: chrome on WINDOWS (294246bce8511ec8935d955e5526854b)] -> xpath: //input[@id='BillingNewAddress_ZipPostalCode']]]]>
    </line>
    <line>
      <![CDATA[sendTextToPhoneNumberField01234567890[[ChromeDriver: chrome on WINDOWS (294246bce8511ec8935d955e5526854b)] -> xpath: //input[@id='BillingNewAddress_PhoneNumber']]]]>
    </line>
    <line>
      <![CDATA[clickOnContinueButton[[ChromeDriver: chrome on WINDOWS (294246bce8511ec8935d955e5526854b)] -> xpath: //body/div[6]/div[3]/div[1]/div[1]/div[1]/div[2]/ol[1]/li[1]/div[2]/div[1]/button[4]]]]>
    </line>
    <line>
      <![CDATA[clickOnNextDayAirButton[[ChromeDriver: chrome on WINDOWS (294246bce8511ec8935d955e5526854b)] -> xpath: //input[@id='shippingoption_1']]]]>
    </line>
    <line>
      <![CDATA[clickOnContinueButtonAgain[[ChromeDriver: chrome on WINDOWS (294246bce8511ec8935d955e5526854b)] -> xpath: //body/div[6]/div[3]/div[1]/div[1]/div[1]/div[2]/ol[1]/li[3]/div[2]/form[1]/div[2]/button[1]]]]>
    </line>
    <line>
      <![CDATA[clickOnCreditCardButton[[ChromeDriver: chrome on WINDOWS (294246bce8511ec8935d955e5526854b)] -> xpath: //input[@id='paymentmethod_1']]]]>
    </line>
    <line>
      <![CDATA[selectClickOnContinue1[[ChromeDriver: chrome on WINDOWS (294246bce8511ec8935d955e5526854b)] -> xpath: //button[@class='button-1 payment-method-next-step-button']]]]>
    </line>
    <line>
      <![CDATA[selectMasterCardFromCreditCardDropdown[[ChromeDriver: chrome on WINDOWS (294246bce8511ec8935d955e5526854b)] -> xpath: //select[@id='CreditCardType']]]]>
    </line>
    <line>
      <![CDATA[sendTextTOCardHolderName[[ChromeDriver: chrome on WINDOWS (294246bce8511ec8935d955e5526854b)] -> id: CardholderName]]]>
    </line>
    <line>
      <![CDATA[sendTextTOCardNumber[[ChromeDriver: chrome on WINDOWS (294246bce8511ec8935d955e5526854b)] -> id: CardNumber]]]>
    </line>
    <line>
      <![CDATA[sendTextToCardCode[[ChromeDriver: chrome on WINDOWS (294246bce8511ec8935d955e5526854b)] -> id: CardCode]]]>
    </line>
    <line>
      <![CDATA[clickOnContinueButton2[[ChromeDriver: chrome on WINDOWS (294246bce8511ec8935d955e5526854b)] -> xpath: //button[@class='button-1 payment-info-next-step-button']]]]>
    </line>
    <line>
      <![CDATA[getVerifyText2[[ChromeDriver: chrome on WINDOWS (294246bce8511ec8935d955e5526854b)] -> xpath: //li[@class='shipping-method']//span[2]]]]>
    </line>
    <line>
      <![CDATA[clickOnConformButton[[ChromeDriver: chrome on WINDOWS (294246bce8511ec8935d955e5526854b)] -> xpath: //button[@class='button-1 confirm-order-next-step-button']]]]>
    </line>
    <line>
      <![CDATA[getVerifyText4[[ChromeDriver: chrome on WINDOWS (294246bce8511ec8935d955e5526854b)] -> xpath: //div[@class='page-title']/h1]]]>
    </line>
    <line>
      <![CDATA[getVerifyText5[[ChromeDriver: chrome on WINDOWS (294246bce8511ec8935d955e5526854b)] -> xpath: //strong[contains(text(),'Your order has been successfully processed!')]]]]>
    </line>
    <line>
      <![CDATA[clickOnContinueButton3[[ChromeDriver: chrome on WINDOWS (294246bce8511ec8935d955e5526854b)] -> css selector: div.master-wrapper-page:nth-child(6) div.master-wrapper-content div.master-column-wrapper div.center-1 div.page.checkout-page.order-completed-page div.page-body.checkout-data div.section.order-completed div.buttons > button.button-1.order-completed-continue-button]]]>
    </line>
    <line>
      <![CDATA[Click to see screenshot]]>
    </line>
    <line>
      <![CDATA[<a target = "_blank" href=C:\Users\Nimisha\Week15-project4-com-nopcommerce.demo-page-factory_NimishaPatel/test-output/html/verifyProductAddedToShoppingCartSuccessFullyTue_Dec_13_16_47_28_GMT_2022.jpg>Screenshot</a>]]>
    </line>
    <line>
      <![CDATA[<br>]]>
    </line>
    <line>
      <![CDATA[Click to see screenshot]]>
    </line>
    <line>
      <![CDATA[<a target = "_blank" href=C:\Users\Nimisha\Week15-project4-com-nopcommerce.demo-page-factory_NimishaPatel/test-output/html/verifyProductAddedToShoppingCartSuccessFullyTue_Dec_13_16_47_28_GMT_2022.jpg>Screenshot</a>]]>
    </line>
    <line>
      <![CDATA[<br>]]>
    </line>
    <line>
      <![CDATA[mouseHoverOnElectronics[[ChromeDriver: chrome on WINDOWS (e12606ba24700ccb51553cb1be59ebed)] -> xpath: //body/div[6]/div[2]/ul[1]/li[2]/a[1]]]]>
    </line>
    <line>
      <![CDATA[mouseHoverOnCellPhonesAndClick[[ChromeDriver: chrome on WINDOWS (e12606ba24700ccb51553cb1be59ebed)] -> xpath: //body/div[6]/div[2]/ul[1]/li[2]/ul[1]/li[2]/a[1]]]]>
    </line>
    <line>
      <![CDATA[Click to see screenshot]]>
    </line>
    <line>
      <![CDATA[<a target = "_blank" href=C:\Users\Nimisha\Week15-project4-com-nopcommerce.demo-page-factory_NimishaPatel/test-output/html/verifyThatTheProductAddedSuccessfullyAndPlaceOrderSuccessfullyTue_Dec_13_16_47_32_GMT_2022.jpg>Screenshot</a>]]>
    </line>
    <line>
      <![CDATA[<br>]]>
    </line>
    <line>
      <![CDATA[Click to see screenshot]]>
    </line>
    <line>
      <![CDATA[<a target = "_blank" href=C:\Users\Nimisha\Week15-project4-com-nopcommerce.demo-page-factory_NimishaPatel/test-output/html/verifyThatTheProductAddedSuccessfullyAndPlaceOrderSuccessfullyTue_Dec_13_16_47_32_GMT_2022.jpg>Screenshot</a>]]>
    </line>
    <line>
      <![CDATA[<br>]]>
    </line>
    <line>
      <![CDATA[mouseHoverOnElectronics[[ChromeDriver: chrome on WINDOWS (59356ba5e4b2062ac397753067320a41)] -> xpath: //body/div[6]/div[2]/ul[1]/li[2]/a[1]]]]>
    </line>
    <line>
      <![CDATA[mouseHoverOnCellPhonesAndClick[[ChromeDriver: chrome on WINDOWS (59356ba5e4b2062ac397753067320a41)] -> xpath: //body/div[6]/div[2]/ul[1]/li[2]/ul[1]/li[2]/a[1]]]]>
    </line>
    <line>
      <![CDATA[Click to see screenshot]]>
    </line>
    <line>
      <![CDATA[<a target = "_blank" href=C:\Users\Nimisha\Week15-project4-com-nopcommerce.demo-page-factory_NimishaPatel/test-output/html/verifyUserShouldNavigateToCellPhonesPageSuccessfullyTue_Dec_13_16_47_37_GMT_2022.jpg>Screenshot</a>]]>
    </line>
    <line>
      <![CDATA[<br>]]>
    </line>
    <line>
      <![CDATA[Click to see screenshot]]>
    </line>
    <line>
      <![CDATA[<a target = "_blank" href=C:\Users\Nimisha\Week15-project4-com-nopcommerce.demo-page-factory_NimishaPatel/test-output/html/verifyUserShouldNavigateToCellPhonesPageSuccessfullyTue_Dec_13_16_47_37_GMT_2022.jpg>Screenshot</a>]]>
    </line>
    <line>
      <![CDATA[<br>]]>
    </line>
  </reporter-output>
  <suite started-at="2022-12-13T16:46:24 GMT" name="Testsuite" finished-at="2022-12-13T16:47:38 GMT" duration-ms="73966">
    <groups>
      <group name="regression">
        <method signature="ComputerTest1.verifyProductAddedToShoppingCartSuccessFully()[pri:0, instance:com.nopcommerce.demo.testsuite.ComputerTest1@13fd2ccd]" name="verifyProductAddedToShoppingCartSuccessFully" class="com.nopcommerce.demo.testsuite.ComputerTest1"/>
        <method signature="ElectronicTest.verifyThatTheProductAddedSuccessfullyAndPlaceOrderSuccessfully()[pri:0, instance:com.nopcommerce.demo.testsuite.ElectronicTest@b9b00e0]" name="verifyThatTheProductAddedSuccessfullyAndPlaceOrderSuccessfully" class="com.nopcommerce.demo.testsuite.ElectronicTest"/>
        <method signature="ElectronicTest.verifyUserShouldNavigateToCellPhonesPageSuccessfully()[pri:0, instance:com.nopcommerce.demo.testsuite.ElectronicTest@b9b00e0]" name="verifyUserShouldNavigateToCellPhonesPageSuccessfully" class="com.nopcommerce.demo.testsuite.ElectronicTest"/>
        <method signature="HomePageTest.verifyUserShouldNavigateToApparel()[pri:0, instance:com.nopcommerce.demo.testsuite.HomePageTest@43dac38f]" name="verifyUserShouldNavigateToApparel" class="com.nopcommerce.demo.testsuite.HomePageTest"/>
        <method signature="HomePageTest.verifyUserShouldNavigateToComputer()[pri:0, instance:com.nopcommerce.demo.testsuite.HomePageTest@43dac38f]" name="verifyUserShouldNavigateToComputer" class="com.nopcommerce.demo.testsuite.HomePageTest"/>
        <method signature="HomePageTest.verifyUserShouldNavigateToElectronics()[pri:0, instance:com.nopcommerce.demo.testsuite.HomePageTest@43dac38f]" name="verifyUserShouldNavigateToElectronics" class="com.nopcommerce.demo.testsuite.HomePageTest"/>
      </group> <!-- regression -->
      <group name="smoke">
        <method signature="ComputerTest.verifyProductArrangeInAlphaBaticalOrder()[pri:0, instance:com.nopcommerce.demo.testsuite.ComputerTest@48aca48b]" name="verifyProductArrangeInAlphaBaticalOrder" class="com.nopcommerce.demo.testsuite.ComputerTest"/>
        <method signature="ElectronicTest.verifyThatTheProductAddedSuccessfullyAndPlaceOrderSuccessfully()[pri:0, instance:com.nopcommerce.demo.testsuite.ElectronicTest@b9b00e0]" name="verifyThatTheProductAddedSuccessfullyAndPlaceOrderSuccessfully" class="com.nopcommerce.demo.testsuite.ElectronicTest"/>
        <method signature="HomePageTest.verifyUserShouldNavigateToElectronics()[pri:0, instance:com.nopcommerce.demo.testsuite.HomePageTest@43dac38f]" name="verifyUserShouldNavigateToElectronics" class="com.nopcommerce.demo.testsuite.HomePageTest"/>
      </group> <!-- smoke -->
      <group name="sanity">
        <method signature="ComputerTest.verifyProductArrangeInAlphaBaticalOrder()[pri:0, instance:com.nopcommerce.demo.testsuite.ComputerTest@48aca48b]" name="verifyProductArrangeInAlphaBaticalOrder" class="com.nopcommerce.demo.testsuite.ComputerTest"/>
        <method signature="ComputerTest1.verifyProductAddedToShoppingCartSuccessFully()[pri:0, instance:com.nopcommerce.demo.testsuite.ComputerTest1@13fd2ccd]" name="verifyProductAddedToShoppingCartSuccessFully" class="com.nopcommerce.demo.testsuite.ComputerTest1"/>
        <method signature="ElectronicTest.verifyUserShouldNavigateToCellPhonesPageSuccessfully()[pri:0, instance:com.nopcommerce.demo.testsuite.ElectronicTest@b9b00e0]" name="verifyUserShouldNavigateToCellPhonesPageSuccessfully" class="com.nopcommerce.demo.testsuite.ElectronicTest"/>
        <method signature="HomePageTest.verifyUserShouldNavigateToComputer()[pri:0, instance:com.nopcommerce.demo.testsuite.HomePageTest@43dac38f]" name="verifyUserShouldNavigateToComputer" class="com.nopcommerce.demo.testsuite.HomePageTest"/>
      </group> <!-- sanity -->
    </groups>
    <test started-at="2022-12-13T16:46:24 GMT" name="Login Test" finished-at="2022-12-13T16:47:38 GMT" duration-ms="73966">
      <class name="com.nopcommerce.demo.testsuite.ComputerTest1">
        <test-method is-config="true" signature="setUp()[pri:0, instance:com.nopcommerce.demo.testsuite.ComputerTest1@13fd2ccd]" started-at="2022-12-13T16:47:09 GMT" name="setUp" finished-at="2022-12-13T16:47:12 GMT" duration-ms="2859" status="PASS">
          <reporter-output>
          </reporter-output>
        </test-method> <!-- setUp -->
        <test-method is-config="true" signature="inIt()[pri:0, instance:com.nopcommerce.demo.testsuite.ComputerTest1@13fd2ccd]" started-at="2022-12-13T16:47:12 GMT" name="inIt" finished-at="2022-12-13T16:47:12 GMT" duration-ms="19" status="PASS">
          <reporter-output>
          </reporter-output>
        </test-method> <!-- inIt -->
        <test-method signature="verifyProductAddedToShoppingCartSuccessFully()[pri:0, instance:com.nopcommerce.demo.testsuite.ComputerTest1@13fd2ccd]" started-at="2022-12-13T16:47:12 GMT" name="verifyProductAddedToShoppingCartSuccessFully" finished-at="2022-12-13T16:47:27 GMT" duration-ms="15318" status="PASS">
          <reporter-output>
            <line>
              <![CDATA[clickOnComputer[[ChromeDriver: chrome on WINDOWS (294246bce8511ec8935d955e5526854b)] -> xpath: //a[@href='/computers']]]]>
            </line>
            <line>
              <![CDATA[clickOnDesktop[[ChromeDriver: chrome on WINDOWS (294246bce8511ec8935d955e5526854b)] -> xpath: //h2[@class='title']//a]]]>
            </line>
            <line>
              <![CDATA[getSelectByValue[[ChromeDriver: chrome on WINDOWS (294246bce8511ec8935d955e5526854b)] -> xpath: //select[@name='products-orderby']]]]>
            </line>
            <line>
              <![CDATA[getVerifyBuildYourOwn[[ChromeDriver: chrome on WINDOWS (294246bce8511ec8935d955e5526854b)] -> xpath: //h1[contains(text(),'Build your own computer')]]]]>
            </line>
            <line>
              <![CDATA[selectProcessorByValue[[ChromeDriver: chrome on WINDOWS (294246bce8511ec8935d955e5526854b)] -> xpath: //select[@id='product_attribute_1']]]]>
            </line>
            <line>
              <![CDATA[selectRamByValue[[ChromeDriver: chrome on WINDOWS (294246bce8511ec8935d955e5526854b)] -> xpath: //select[@id='product_attribute_2']]]]>
            </line>
            <line>
              <![CDATA[clickOnHDD400GB[[ChromeDriver: chrome on WINDOWS (294246bce8511ec8935d955e5526854b)] -> xpath: //label[text()='400 GB [+$100.00]']]]]>
            </line>
            <line>
              <![CDATA[clickOnOsVistaPremium[[ChromeDriver: chrome on WINDOWS (294246bce8511ec8935d955e5526854b)] -> xpath: //label[text()='Vista Premium [+$60.00]']]]]>
            </line>
            <line>
              <![CDATA[clickOnSoftwareTotalCommander[[ChromeDriver: chrome on WINDOWS (294246bce8511ec8935d955e5526854b)] -> xpath: //input[@id='product_attribute_5_12']]]]>
            </line>
            <line>
              <![CDATA[clickOnAddToCartButton[[ChromeDriver: chrome on WINDOWS (294246bce8511ec8935d955e5526854b)] -> xpath: //button[@id='add-to-cart-button-1']]]]>
            </line>
            <line>
              <![CDATA[verifyCaryMessage[[ChromeDriver: chrome on WINDOWS (294246bce8511ec8935d955e5526854b)] -> xpath: //body/div[@id='bar-notification']/div[1]/p[1]]]]>
            </line>
            <line>
              <![CDATA[closeMessageBar[[ChromeDriver: chrome on WINDOWS (294246bce8511ec8935d955e5526854b)] -> xpath: //body/div[@id='bar-notification']/div[1]/span[1]]]]>
            </line>
            <line>
              <![CDATA[mouseHoverOnElementShoppingCart[[ChromeDriver: chrome on WINDOWS (294246bce8511ec8935d955e5526854b)] -> xpath: //span[contains(text(),'Shopping cart')]]]]>
            </line>
            <line>
              <![CDATA[clickOnGoToCart[[ChromeDriver: chrome on WINDOWS (294246bce8511ec8935d955e5526854b)] -> xpath: //button[@class='button-1 cart-button']]]]>
            </line>
            <line>
              <![CDATA[sendTextToQuantityField[[ChromeDriver: chrome on WINDOWS (294246bce8511ec8935d955e5526854b)] -> xpath: //input[@value='1']]]]>
            </line>
            <line>
              <![CDATA[clickOnUpdateShoppingCartButton[[ChromeDriver: chrome on WINDOWS (294246bce8511ec8935d955e5526854b)] -> xpath: //button[@id='updatecart']]]]>
            </line>
            <line>
              <![CDATA[clickOnCheckBoxIAgreeWithTermsAndCondition[[ChromeDriver: chrome on WINDOWS (294246bce8511ec8935d955e5526854b)] -> xpath: //input[@id='termsofservice']]]]>
            </line>
            <line>
              <![CDATA[clickOnCheckOutButton[[ChromeDriver: chrome on WINDOWS (294246bce8511ec8935d955e5526854b)] -> xpath: //button[@id='checkout']]]]>
            </line>
            <line>
              <![CDATA[clickOnCheckOutAsGuest[[ChromeDriver: chrome on WINDOWS (294246bce8511ec8935d955e5526854b)] -> xpath: //button[contains(text(),'Checkout as Guest')]]]]>
            </line>
            <line>
              <![CDATA[sendTextToFirstNameFieldPari[[ChromeDriver: chrome on WINDOWS (294246bce8511ec8935d955e5526854b)] -> id: BillingNewAddress_FirstName]]]>
            </line>
            <line>
              <![CDATA[sendTextToLastNameFieldPatel[[ChromeDriver: chrome on WINDOWS (294246bce8511ec8935d955e5526854b)] -> id: BillingNewAddress_LastName]]]>
            </line>
            <line>
              <![CDATA[sendTextToEmailFieldparipatel123@gmail.com[[ChromeDriver: chrome on WINDOWS (294246bce8511ec8935d955e5526854b)] -> id: BillingNewAddress_Email]]]>
            </line>
            <line>
              <![CDATA[sendTextToCompanyField123456[[ChromeDriver: chrome on WINDOWS (294246bce8511ec8935d955e5526854b)] -> id: BillingNewAddress_Company]]]>
            </line>
            <line>
              <![CDATA[sendTextToCityFieldCambridge[[ChromeDriver: chrome on WINDOWS (294246bce8511ec8935d955e5526854b)] -> xpath: //input[@id='BillingNewAddress_City']]]]>
            </line>
            <line>
              <![CDATA[sendTextToAddressLine1Hilton Road[[ChromeDriver: chrome on WINDOWS (294246bce8511ec8935d955e5526854b)] -> css selector: #BillingNewAddress_Address1]]]>
            </line>
            <line>
              <![CDATA[sendTextToAddressLine2Cambridge[[ChromeDriver: chrome on WINDOWS (294246bce8511ec8935d955e5526854b)] -> css selector: #BillingNewAddress_Address2]]]>
            </line>
            <line>
              <![CDATA[sendTextToPostcodeCB4 3NB[[ChromeDriver: chrome on WINDOWS (294246bce8511ec8935d955e5526854b)] -> xpath: //input[@id='BillingNewAddress_ZipPostalCode']]]]>
            </line>
            <line>
              <![CDATA[sendTextToPhoneNumberField01234567890[[ChromeDriver: chrome on WINDOWS (294246bce8511ec8935d955e5526854b)] -> xpath: //input[@id='BillingNewAddress_PhoneNumber']]]]>
            </line>
            <line>
              <![CDATA[clickOnContinueButton[[ChromeDriver: chrome on WINDOWS (294246bce8511ec8935d955e5526854b)] -> xpath: //body/div[6]/div[3]/div[1]/div[1]/div[1]/div[2]/ol[1]/li[1]/div[2]/div[1]/button[4]]]]>
            </line>
            <line>
              <![CDATA[clickOnNextDayAirButton[[ChromeDriver: chrome on WINDOWS (294246bce8511ec8935d955e5526854b)] -> xpath: //input[@id='shippingoption_1']]]]>
            </line>
            <line>
              <![CDATA[clickOnContinueButtonAgain[[ChromeDriver: chrome on WINDOWS (294246bce8511ec8935d955e5526854b)] -> xpath: //body/div[6]/div[3]/div[1]/div[1]/div[1]/div[2]/ol[1]/li[3]/div[2]/form[1]/div[2]/button[1]]]]>
            </line>
            <line>
              <![CDATA[clickOnCreditCardButton[[ChromeDriver: chrome on WINDOWS (294246bce8511ec8935d955e5526854b)] -> xpath: //input[@id='paymentmethod_1']]]]>
            </line>
            <line>
              <![CDATA[selectClickOnContinue1[[ChromeDriver: chrome on WINDOWS (294246bce8511ec8935d955e5526854b)] -> xpath: //button[@class='button-1 payment-method-next-step-button']]]]>
            </line>
            <line>
              <![CDATA[selectMasterCardFromCreditCardDropdown[[ChromeDriver: chrome on WINDOWS (294246bce8511ec8935d955e5526854b)] -> xpath: //select[@id='CreditCardType']]]]>
            </line>
            <line>
              <![CDATA[sendTextTOCardHolderName[[ChromeDriver: chrome on WINDOWS (294246bce8511ec8935d955e5526854b)] -> id: CardholderName]]]>
            </line>
            <line>
              <![CDATA[sendTextTOCardNumber[[ChromeDriver: chrome on WINDOWS (294246bce8511ec8935d955e5526854b)] -> id: CardNumber]]]>
            </line>
            <line>
              <![CDATA[sendTextToCardCode[[ChromeDriver: chrome on WINDOWS (294246bce8511ec8935d955e5526854b)] -> id: CardCode]]]>
            </line>
            <line>
              <![CDATA[clickOnContinueButton2[[ChromeDriver: chrome on WINDOWS (294246bce8511ec8935d955e5526854b)] -> xpath: //button[@class='button-1 payment-info-next-step-button']]]]>
            </line>
            <line>
              <![CDATA[getVerifyText2[[ChromeDriver: chrome on WINDOWS (294246bce8511ec8935d955e5526854b)] -> xpath: //li[@class='shipping-method']//span[2]]]]>
            </line>
            <line>
              <![CDATA[clickOnConformButton[[ChromeDriver: chrome on WINDOWS (294246bce8511ec8935d955e5526854b)] -> xpath: //button[@class='button-1 confirm-order-next-step-button']]]]>
            </line>
            <line>
              <![CDATA[getVerifyText4[[ChromeDriver: chrome on WINDOWS (294246bce8511ec8935d955e5526854b)] -> xpath: //div[@class='page-title']/h1]]]>
            </line>
            <line>
              <![CDATA[getVerifyText5[[ChromeDriver: chrome on WINDOWS (294246bce8511ec8935d955e5526854b)] -> xpath: //strong[contains(text(),'Your order has been successfully processed!')]]]]>
            </line>
            <line>
              <![CDATA[clickOnContinueButton3[[ChromeDriver: chrome on WINDOWS (294246bce8511ec8935d955e5526854b)] -> css selector: div.master-wrapper-page:nth-child(6) div.master-wrapper-content div.master-column-wrapper div.center-1 div.page.checkout-page.order-completed-page div.page-body.checkout-data div.section.order-completed div.buttons > button.button-1.order-completed-continue-button]]]>
            </line>
            <line>
              <![CDATA[Click to see screenshot]]>
            </line>
            <line>
              <![CDATA[<a target = "_blank" href=C:\Users\Nimisha\Week15-project4-com-nopcommerce.demo-page-factory_NimishaPatel/test-output/html/verifyProductAddedToShoppingCartSuccessFullyTue_Dec_13_16_47_28_GMT_2022.jpg>Screenshot</a>]]>
            </line>
            <line>
              <![CDATA[<br>]]>
            </line>
            <line>
              <![CDATA[Click to see screenshot]]>
            </line>
            <line>
              <![CDATA[<a target = "_blank" href=C:\Users\Nimisha\Week15-project4-com-nopcommerce.demo-page-factory_NimishaPatel/test-output/html/verifyProductAddedToShoppingCartSuccessFullyTue_Dec_13_16_47_28_GMT_2022.jpg>Screenshot</a>]]>
            </line>
            <line>
              <![CDATA[<br>]]>
            </line>
          </reporter-output>
        </test-method> <!-- verifyProductAddedToShoppingCartSuccessFully -->
        <test-method is-config="true" signature="tearDown()[pri:0, instance:com.nopcommerce.demo.testsuite.ComputerTest1@13fd2ccd]" started-at="2022-12-13T16:47:28 GMT" name="tearDown" finished-at="2022-12-13T16:47:29 GMT" duration-ms="961" status="PASS">
          <reporter-output>
          </reporter-output>
        </test-method> <!-- tearDown -->
      </class> <!-- com.nopcommerce.demo.testsuite.ComputerTest1 -->
      <class name="com.nopcommerce.demo.testsuite.HomePageTest">
        <test-method is-config="true" signature="setUp()[pri:0, instance:com.nopcommerce.demo.testsuite.HomePageTest@43dac38f]" started-at="2022-12-13T16:46:25 GMT" name="setUp" finished-at="2022-12-13T16:46:31 GMT" duration-ms="5748" status="PASS">
          <reporter-output>
          </reporter-output>
        </test-method> <!-- setUp -->
        <test-method is-config="true" signature="inIt()[pri:0, instance:com.nopcommerce.demo.testsuite.HomePageTest@43dac38f]" started-at="2022-12-13T16:46:31 GMT" name="inIt" finished-at="2022-12-13T16:46:31 GMT" duration-ms="30" status="PASS">
          <reporter-output>
          </reporter-output>
        </test-method> <!-- inIt -->
        <test-method signature="verifyUserShouldNavigateToApparel()[pri:0, instance:com.nopcommerce.demo.testsuite.HomePageTest@43dac38f]" started-at="2022-12-13T16:46:31 GMT" name="verifyUserShouldNavigateToApparel" finished-at="2022-12-13T16:46:31 GMT" duration-ms="806" status="PASS">
          <reporter-output>
            <line>
              <![CDATA[verifyElectronics[[ChromeDriver: chrome on WINDOWS (65c162b2ab3b38eca235cde1c4b4e25b)] -> xpath: //a[@href='/electronics']]]]>
            </line>
            <line>
              <![CDATA[Click to see screenshot]]>
            </line>
            <line>
              <![CDATA[<a target = "_blank" href=C:\Users\Nimisha\Week15-project4-com-nopcommerce.demo-page-factory_NimishaPatel/test-output/html/verifyUserShouldNavigateToApparelTue_Dec_13_16_46_32_GMT_2022.jpg>Screenshot</a>]]>
            </line>
            <line>
              <![CDATA[<br>]]>
            </line>
            <line>
              <![CDATA[Click to see screenshot]]>
            </line>
            <line>
              <![CDATA[<a target = "_blank" href=C:\Users\Nimisha\Week15-project4-com-nopcommerce.demo-page-factory_NimishaPatel/test-output/html/verifyUserShouldNavigateToApparelTue_Dec_13_16_46_32_GMT_2022.jpg>Screenshot</a>]]>
            </line>
            <line>
              <![CDATA[<br>]]>
            </line>
          </reporter-output>
        </test-method> <!-- verifyUserShouldNavigateToApparel -->
        <test-method is-config="true" signature="tearDown()[pri:0, instance:com.nopcommerce.demo.testsuite.HomePageTest@43dac38f]" started-at="2022-12-13T16:46:32 GMT" name="tearDown" finished-at="2022-12-13T16:46:33 GMT" duration-ms="863" status="PASS">
          <reporter-output>
          </reporter-output>
        </test-method> <!-- tearDown -->
        <test-method is-config="true" signature="setUp()[pri:0, instance:com.nopcommerce.demo.testsuite.HomePageTest@43dac38f]" started-at="2022-12-13T16:46:33 GMT" name="setUp" finished-at="2022-12-13T16:46:36 GMT" duration-ms="2999" status="PASS">
          <reporter-output>
          </reporter-output>
        </test-method> <!-- setUp -->
        <test-method is-config="true" signature="inIt()[pri:0, instance:com.nopcommerce.demo.testsuite.HomePageTest@43dac38f]" started-at="2022-12-13T16:46:36 GMT" name="inIt" finished-at="2022-12-13T16:46:36 GMT" duration-ms="1" status="PASS">
          <reporter-output>
          </reporter-output>
        </test-method> <!-- inIt -->
        <test-method signature="verifyUserShouldNavigateToComputer()[pri:0, instance:com.nopcommerce.demo.testsuite.HomePageTest@43dac38f]" started-at="2022-12-13T16:46:36 GMT" name="verifyUserShouldNavigateToComputer" finished-at="2022-12-13T16:46:37 GMT" duration-ms="1231" status="PASS">
          <reporter-output>
            <line>
              <![CDATA[verifyComputer[[ChromeDriver: chrome on WINDOWS (863dbef5b535fccc39890224786c14d3)] -> xpath: //a[@href='/computers']]]]>
            </line>
            <line>
              <![CDATA[Click to see screenshot]]>
            </line>
            <line>
              <![CDATA[<a target = "_blank" href=C:\Users\Nimisha\Week15-project4-com-nopcommerce.demo-page-factory_NimishaPatel/test-output/html/verifyUserShouldNavigateToComputerTue_Dec_13_16_46_37_GMT_2022.jpg>Screenshot</a>]]>
            </line>
            <line>
              <![CDATA[<br>]]>
            </line>
            <line>
              <![CDATA[Click to see screenshot]]>
            </line>
            <line>
              <![CDATA[<a target = "_blank" href=C:\Users\Nimisha\Week15-project4-com-nopcommerce.demo-page-factory_NimishaPatel/test-output/html/verifyUserShouldNavigateToComputerTue_Dec_13_16_46_38_GMT_2022.jpg>Screenshot</a>]]>
            </line>
            <line>
              <![CDATA[<br>]]>
            </line>
          </reporter-output>
        </test-method> <!-- verifyUserShouldNavigateToComputer -->
        <test-method is-config="true" signature="tearDown()[pri:0, instance:com.nopcommerce.demo.testsuite.HomePageTest@43dac38f]" started-at="2022-12-13T16:46:38 GMT" name="tearDown" finished-at="2022-12-13T16:46:39 GMT" duration-ms="837" status="PASS">
          <reporter-output>
          </reporter-output>
        </test-method> <!-- tearDown -->
        <test-method is-config="true" signature="setUp()[pri:0, instance:com.nopcommerce.demo.testsuite.HomePageTest@43dac38f]" started-at="2022-12-13T16:46:39 GMT" name="setUp" finished-at="2022-12-13T16:46:41 GMT" duration-ms="2948" status="PASS">
          <reporter-output>
          </reporter-output>
        </test-method> <!-- setUp -->
        <test-method is-config="true" signature="inIt()[pri:0, instance:com.nopcommerce.demo.testsuite.HomePageTest@43dac38f]" started-at="2022-12-13T16:46:41 GMT" name="inIt" finished-at="2022-12-13T16:46:41 GMT" duration-ms="0" status="PASS">
          <reporter-output>
          </reporter-output>
        </test-method> <!-- inIt -->
        <test-method signature="verifyUserShouldNavigateToElectronics()[pri:0, instance:com.nopcommerce.demo.testsuite.HomePageTest@43dac38f]" started-at="2022-12-13T16:46:42 GMT" name="verifyUserShouldNavigateToElectronics" finished-at="2022-12-13T16:46:42 GMT" duration-ms="798" status="PASS">
          <reporter-output>
            <line>
              <![CDATA[verifyElectronics[[ChromeDriver: chrome on WINDOWS (40ee18eb41a078c18e14d941054f85fa)] -> xpath: //a[@href='/electronics']]]]>
            </line>
            <line>
              <![CDATA[Click to see screenshot]]>
            </line>
            <line>
              <![CDATA[<a target = "_blank" href=C:\Users\Nimisha\Week15-project4-com-nopcommerce.demo-page-factory_NimishaPatel/test-output/html/verifyUserShouldNavigateToElectronicsTue_Dec_13_16_46_43_GMT_2022.jpg>Screenshot</a>]]>
            </line>
            <line>
              <![CDATA[<br>]]>
            </line>
            <line>
              <![CDATA[Click to see screenshot]]>
            </line>
            <line>
              <![CDATA[<a target = "_blank" href=C:\Users\Nimisha\Week15-project4-com-nopcommerce.demo-page-factory_NimishaPatel/test-output/html/verifyUserShouldNavigateToElectronicsTue_Dec_13_16_46_43_GMT_2022.jpg>Screenshot</a>]]>
            </line>
            <line>
              <![CDATA[<br>]]>
            </line>
          </reporter-output>
        </test-method> <!-- verifyUserShouldNavigateToElectronics -->
        <test-method is-config="true" signature="tearDown()[pri:0, instance:com.nopcommerce.demo.testsuite.HomePageTest@43dac38f]" started-at="2022-12-13T16:46:43 GMT" name="tearDown" finished-at="2022-12-13T16:46:44 GMT" duration-ms="856" status="PASS">
          <reporter-output>
          </reporter-output>
        </test-method> <!-- tearDown -->
      </class> <!-- com.nopcommerce.demo.testsuite.HomePageTest -->
      <class name="com.nopcommerce.demo.testsuite.ComputerTest">
        <test-method is-config="true" signature="setUp()[pri:0, instance:com.nopcommerce.demo.testsuite.ComputerTest@48aca48b]" started-at="2022-12-13T16:46:44 GMT" name="setUp" finished-at="2022-12-13T16:46:46 GMT" duration-ms="2353" status="PASS">
          <reporter-output>
          </reporter-output>
        </test-method> <!-- setUp -->
        <test-method is-config="true" signature="inIt()[pri:0, instance:com.nopcommerce.demo.testsuite.ComputerTest@48aca48b]" started-at="2022-12-13T16:46:46 GMT" name="inIt" finished-at="2022-12-13T16:46:46 GMT" duration-ms="3" status="PASS">
          <reporter-output>
          </reporter-output>
        </test-method> <!-- inIt -->
        <test-method signature="verifyProductArrangeInAlphaBaticalOrder()[pri:0, instance:com.nopcommerce.demo.testsuite.ComputerTest@48aca48b]" started-at="2022-12-13T16:46:46 GMT" name="verifyProductArrangeInAlphaBaticalOrder" finished-at="2022-12-13T16:47:07 GMT" duration-ms="21358" status="PASS">
          <reporter-output>
            <line>
              <![CDATA[computerMenu[[ChromeDriver: chrome on WINDOWS (db325a2794bc77253b4be22fd444fe2a)] -> xpath: //a[@href='/computers']]]]>
            </line>
            <line>
              <![CDATA[desktopMenu[[ChromeDriver: chrome on WINDOWS (db325a2794bc77253b4be22fd444fe2a)] -> xpath: //h2[@class='title']//a]]]>
            </line>
            <line>
              <![CDATA[Click to see screenshot]]>
            </line>
            <line>
              <![CDATA[<a target = "_blank" href=C:\Users\Nimisha\Week15-project4-com-nopcommerce.demo-page-factory_NimishaPatel/test-output/html/verifyProductArrangeInAlphaBaticalOrderTue_Dec_13_16_47_08_GMT_2022.jpg>Screenshot</a>]]>
            </line>
            <line>
              <![CDATA[<br>]]>
            </line>
            <line>
              <![CDATA[Click to see screenshot]]>
            </line>
            <line>
              <![CDATA[<a target = "_blank" href=C:\Users\Nimisha\Week15-project4-com-nopcommerce.demo-page-factory_NimishaPatel/test-output/html/verifyProductArrangeInAlphaBaticalOrderTue_Dec_13_16_47_08_GMT_2022.jpg>Screenshot</a>]]>
            </line>
            <line>
              <![CDATA[<br>]]>
            </line>
          </reporter-output>
        </test-method> <!-- verifyProductArrangeInAlphaBaticalOrder -->
        <test-method is-config="true" signature="tearDown()[pri:0, instance:com.nopcommerce.demo.testsuite.ComputerTest@48aca48b]" started-at="2022-12-13T16:47:08 GMT" name="tearDown" finished-at="2022-12-13T16:47:09 GMT" duration-ms="1016" status="PASS">
          <reporter-output>
          </reporter-output>
        </test-method> <!-- tearDown -->
      </class> <!-- com.nopcommerce.demo.testsuite.ComputerTest -->
      <class name="com.nopcommerce.demo.testsuite.ElectronicTest">
        <test-method is-config="true" signature="setUp()[pri:0, instance:com.nopcommerce.demo.testsuite.ElectronicTest@b9b00e0]" started-at="2022-12-13T16:47:29 GMT" name="setUp" finished-at="2022-12-13T16:47:31 GMT" duration-ms="2579" status="PASS">
          <reporter-output>
          </reporter-output>
        </test-method> <!-- setUp -->
        <test-method is-config="true" signature="inIt()[pri:0, instance:com.nopcommerce.demo.testsuite.ElectronicTest@b9b00e0]" started-at="2022-12-13T16:47:31 GMT" name="inIt" finished-at="2022-12-13T16:47:32 GMT" duration-ms="17" status="PASS">
          <reporter-output>
          </reporter-output>
        </test-method> <!-- inIt -->
        <test-method signature="verifyThatTheProductAddedSuccessfullyAndPlaceOrderSuccessfully()[pri:0, instance:com.nopcommerce.demo.testsuite.ElectronicTest@b9b00e0]" started-at="2022-12-13T16:47:32 GMT" name="verifyThatTheProductAddedSuccessfullyAndPlaceOrderSuccessfully" finished-at="2022-12-13T16:47:32 GMT" duration-ms="236" status="FAIL">
          <exception class="org.openqa.selenium.ElementNotInteractableException">
            <message>
              <![CDATA[element not interactable: https://demo.nopcommerce.com/cell-phones has no size and location
  (Session info: chrome=108.0.5359.99)
Build info: version: '4.6.0', revision: '79f1c02ae20'
System info: os.name: 'Windows 10', os.arch: 'amd64', os.version: '10.0', java.version: '11.0.13'
Driver info: org.openqa.selenium.chrome.ChromeDriver
Command: [e12606ba24700ccb51553cb1be59ebed, actions {actions=[org.openqa.selenium.interactions.Sequence@5bb911c1]}]
Capabilities {acceptInsecureCerts: false, browserName: chrome, browserVersion: 108.0.5359.99, chrome: {chromedriverVersion: 108.0.5359.71 (1e0e3868ee06..., userDataDir: C:\Users\Nimisha\AppData\Lo...}, goog:chromeOptions: {debuggerAddress: localhost:1979}, networkConnectionEnabled: false, pageLoadStrategy: normal, platformName: WINDOWS, proxy: Proxy(), se:cdp: ws://localhost:1979/devtool..., se:cdpVersion: 108.0.5359.99, setWindowRect: true, strictFileInteractability: false, timeouts: {implicit: 0, pageLoad: 300000, script: 30000}, unhandledPromptBehavior: dismiss and notify, webauthn:extension:credBlob: true, webauthn:extension:largeBlob: true, webauthn:virtualAuthenticators: true}
Session ID: e12606ba24700ccb51553cb1be59ebed]]>
            </message>
            <full-stacktrace>
              <![CDATA[org.openqa.selenium.ElementNotInteractableException: element not interactable: https://demo.nopcommerce.com/cell-phones has no size and location
  (Session info: chrome=108.0.5359.99)
Build info: version: '4.6.0', revision: '79f1c02ae20'
System info: os.name: 'Windows 10', os.arch: 'amd64', os.version: '10.0', java.version: '11.0.13'
Driver info: org.openqa.selenium.chrome.ChromeDriver
Command: [e12606ba24700ccb51553cb1be59ebed, actions {actions=[org.openqa.selenium.interactions.Sequence@5bb911c1]}]
Capabilities {acceptInsecureCerts: false, browserName: chrome, browserVersion: 108.0.5359.99, chrome: {chromedriverVersion: 108.0.5359.71 (1e0e3868ee06..., userDataDir: C:\Users\Nimisha\AppData\Lo...}, goog:chromeOptions: {debuggerAddress: localhost:1979}, networkConnectionEnabled: false, pageLoadStrategy: normal, platformName: WINDOWS, proxy: Proxy(), se:cdp: ws://localhost:1979/devtool..., se:cdpVersion: 108.0.5359.99, setWindowRect: true, strictFileInteractability: false, timeouts: {implicit: 0, pageLoad: 300000, script: 30000}, unhandledPromptBehavior: dismiss and notify, webauthn:extension:credBlob: true, webauthn:extension:largeBlob: true, webauthn:virtualAuthenticators: true}
Session ID: e12606ba24700ccb51553cb1be59ebed
at java.base/jdk.internal.reflect.NativeConstructorAccessorImpl.newInstance0(Native Method)
at java.base/jdk.internal.reflect.NativeConstructorAccessorImpl.newInstance(NativeConstructorAccessorImpl.java:62)
at java.base/jdk.internal.reflect.DelegatingConstructorAccessorImpl.newInstance(DelegatingConstructorAccessorImpl.java:45)
at java.base/java.lang.reflect.Constructor.newInstance(Constructor.java:490)
at org.openqa.selenium.remote.codec.w3c.W3CHttpResponseCodec.createException(W3CHttpResponseCodec.java:200)
at org.openqa.selenium.remote.codec.w3c.W3CHttpResponseCodec.decode(W3CHttpResponseCodec.java:133)
at org.openqa.selenium.remote.codec.w3c.W3CHttpResponseCodec.decode(W3CHttpResponseCodec.java:53)
at org.openqa.selenium.remote.HttpCommandExecutor.execute(HttpCommandExecutor.java:184)
at org.openqa.selenium.remote.service.DriverCommandExecutor.invokeExecute(DriverCommandExecutor.java:167)
at org.openqa.selenium.remote.service.DriverCommandExecutor.execute(DriverCommandExecutor.java:142)
at org.openqa.selenium.remote.RemoteWebDriver.execute(RemoteWebDriver.java:541)
at org.openqa.selenium.remote.RemoteWebDriver.perform(RemoteWebDriver.java:609)
at org.openqa.selenium.interactions.Actions$BuiltAction.perform(Actions.java:567)
at org.openqa.selenium.interactions.Actions.perform(Actions.java:536)
at com.nopcommerce.demo.utility.Utility.mouseHoverToElementAndClick(Utility.java:241)
at com.nopcommerce.demo.pages.Electronics.mouseHoverOnCellPhonesAndClick(Electronics.java:219)
at com.nopcommerce.demo.testsuite.ElectronicTest.verifyThatTheProductAddedSuccessfullyAndPlaceOrderSuccessfully(ElectronicTest.java:31)
at java.base/jdk.internal.reflect.NativeMethodAccessorImpl.invoke0(Native Method)
at java.base/jdk.internal.reflect.NativeMethodAccessorImpl.invoke(NativeMethodAccessorImpl.java:62)
at java.base/jdk.internal.reflect.DelegatingMethodAccessorImpl.invoke(DelegatingMethodAccessorImpl.java:43)
at java.base/java.lang.reflect.Method.invoke(Method.java:566)
at org.testng.internal.invokers.MethodInvocationHelper.invokeMethod(MethodInvocationHelper.java:135)
at org.testng.internal.invokers.TestInvoker.invokeMethod(TestInvoker.java:673)
at org.testng.internal.invokers.TestInvoker.invokeTestMethod(TestInvoker.java:220)
at org.testng.internal.invokers.MethodRunner.runInSequence(MethodRunner.java:50)
at org.testng.internal.invokers.TestInvoker$MethodInvocationAgent.invoke(TestInvoker.java:945)
at org.testng.internal.invokers.TestInvoker.invokeTestMethods(TestInvoker.java:193)
at org.testng.internal.invokers.TestMethodWorker.invokeTestMethods(TestMethodWorker.java:146)
at org.testng.internal.invokers.TestMethodWorker.run(TestMethodWorker.java:128)
at java.base/java.util.ArrayList.forEach(ArrayList.java:1541)
at org.testng.TestRunner.privateRun(TestRunner.java:808)
at org.testng.TestRunner.run(TestRunner.java:603)
at org.testng.SuiteRunner.runTest(SuiteRunner.java:429)
at org.testng.SuiteRunner.runSequentially(SuiteRunner.java:423)
at org.testng.SuiteRunner.privateRun(SuiteRunner.java:383)
at org.testng.SuiteRunner.run(SuiteRunner.java:326)
at org.testng.SuiteRunnerWorker.runSuite(SuiteRunnerWorker.java:52)
at org.testng.SuiteRunnerWorker.run(SuiteRunnerWorker.java:95)
at org.testng.TestNG.runSuitesSequentially(TestNG.java:1249)
at org.testng.TestNG.runSuitesLocally(TestNG.java:1169)
at org.testng.TestNG.runSuites(TestNG.java:1092)
at org.testng.TestNG.run(TestNG.java:1060)
at com.intellij.rt.testng.IDEARemoteTestNG.run(IDEARemoteTestNG.java:66)
at com.intellij.rt.testng.RemoteTestNGStarter.main(RemoteTestNGStarter.java:109)
]]>
            </full-stacktrace>
          </exception> <!-- org.openqa.selenium.ElementNotInteractableException -->
          <reporter-output>
            <line>
              <![CDATA[mouseHoverOnElectronics[[ChromeDriver: chrome on WINDOWS (e12606ba24700ccb51553cb1be59ebed)] -> xpath: //body/div[6]/div[2]/ul[1]/li[2]/a[1]]]]>
            </line>
            <line>
              <![CDATA[mouseHoverOnCellPhonesAndClick[[ChromeDriver: chrome on WINDOWS (e12606ba24700ccb51553cb1be59ebed)] -> xpath: //body/div[6]/div[2]/ul[1]/li[2]/ul[1]/li[2]/a[1]]]]>
            </line>
            <line>
              <![CDATA[Click to see screenshot]]>
            </line>
            <line>
              <![CDATA[<a target = "_blank" href=C:\Users\Nimisha\Week15-project4-com-nopcommerce.demo-page-factory_NimishaPatel/test-output/html/verifyThatTheProductAddedSuccessfullyAndPlaceOrderSuccessfullyTue_Dec_13_16_47_32_GMT_2022.jpg>Screenshot</a>]]>
            </line>
            <line>
              <![CDATA[<br>]]>
            </line>
            <line>
              <![CDATA[Click to see screenshot]]>
            </line>
            <line>
              <![CDATA[<a target = "_blank" href=C:\Users\Nimisha\Week15-project4-com-nopcommerce.demo-page-factory_NimishaPatel/test-output/html/verifyThatTheProductAddedSuccessfullyAndPlaceOrderSuccessfullyTue_Dec_13_16_47_32_GMT_2022.jpg>Screenshot</a>]]>
            </line>
            <line>
              <![CDATA[<br>]]>
            </line>
          </reporter-output>
        </test-method> <!-- verifyThatTheProductAddedSuccessfullyAndPlaceOrderSuccessfully -->
        <test-method is-config="true" signature="tearDown()[pri:0, instance:com.nopcommerce.demo.testsuite.ElectronicTest@b9b00e0]" started-at="2022-12-13T16:47:32 GMT" name="tearDown" finished-at="2022-12-13T16:47:33 GMT" duration-ms="928" status="PASS">
          <reporter-output>
          </reporter-output>
        </test-method> <!-- tearDown -->
        <test-method is-config="true" signature="setUp()[pri:0, instance:com.nopcommerce.demo.testsuite.ElectronicTest@b9b00e0]" started-at="2022-12-13T16:47:33 GMT" name="setUp" finished-at="2022-12-13T16:47:36 GMT" duration-ms="3138" status="PASS">
          <reporter-output>
          </reporter-output>
        </test-method> <!-- setUp -->
        <test-method is-config="true" signature="inIt()[pri:0, instance:com.nopcommerce.demo.testsuite.ElectronicTest@b9b00e0]" started-at="2022-12-13T16:47:36 GMT" name="inIt" finished-at="2022-12-13T16:47:36 GMT" duration-ms="6" status="PASS">
          <reporter-output>
          </reporter-output>
        </test-method> <!-- inIt -->
        <test-method signature="verifyUserShouldNavigateToCellPhonesPageSuccessfully()[pri:0, instance:com.nopcommerce.demo.testsuite.ElectronicTest@b9b00e0]" started-at="2022-12-13T16:47:36 GMT" name="verifyUserShouldNavigateToCellPhonesPageSuccessfully" finished-at="2022-12-13T16:47:37 GMT" duration-ms="220" status="FAIL">
          <exception class="org.openqa.selenium.ElementNotInteractableException">
            <message>
              <![CDATA[element not interactable: https://demo.nopcommerce.com/cell-phones has no size and location
  (Session info: chrome=108.0.5359.99)
Build info: version: '4.6.0', revision: '79f1c02ae20'
System info: os.name: 'Windows 10', os.arch: 'amd64', os.version: '10.0', java.version: '11.0.13'
Driver info: org.openqa.selenium.chrome.ChromeDriver
Command: [59356ba5e4b2062ac397753067320a41, actions {actions=[org.openqa.selenium.interactions.Sequence@73a6cc79]}]
Capabilities {acceptInsecureCerts: false, browserName: chrome, browserVersion: 108.0.5359.99, chrome: {chromedriverVersion: 108.0.5359.71 (1e0e3868ee06..., userDataDir: C:\Users\Nimisha\AppData\Lo...}, goog:chromeOptions: {debuggerAddress: localhost:1996}, networkConnectionEnabled: false, pageLoadStrategy: normal, platformName: WINDOWS, proxy: Proxy(), se:cdp: ws://localhost:1996/devtool..., se:cdpVersion: 108.0.5359.99, setWindowRect: true, strictFileInteractability: false, timeouts: {implicit: 0, pageLoad: 300000, script: 30000}, unhandledPromptBehavior: dismiss and notify, webauthn:extension:credBlob: true, webauthn:extension:largeBlob: true, webauthn:virtualAuthenticators: true}
Session ID: 59356ba5e4b2062ac397753067320a41]]>
            </message>
            <full-stacktrace>
              <![CDATA[org.openqa.selenium.ElementNotInteractableException: element not interactable: https://demo.nopcommerce.com/cell-phones has no size and location
  (Session info: chrome=108.0.5359.99)
Build info: version: '4.6.0', revision: '79f1c02ae20'
System info: os.name: 'Windows 10', os.arch: 'amd64', os.version: '10.0', java.version: '11.0.13'
Driver info: org.openqa.selenium.chrome.ChromeDriver
Command: [59356ba5e4b2062ac397753067320a41, actions {actions=[org.openqa.selenium.interactions.Sequence@73a6cc79]}]
Capabilities {acceptInsecureCerts: false, browserName: chrome, browserVersion: 108.0.5359.99, chrome: {chromedriverVersion: 108.0.5359.71 (1e0e3868ee06..., userDataDir: C:\Users\Nimisha\AppData\Lo...}, goog:chromeOptions: {debuggerAddress: localhost:1996}, networkConnectionEnabled: false, pageLoadStrategy: normal, platformName: WINDOWS, proxy: Proxy(), se:cdp: ws://localhost:1996/devtool..., se:cdpVersion: 108.0.5359.99, setWindowRect: true, strictFileInteractability: false, timeouts: {implicit: 0, pageLoad: 300000, script: 30000}, unhandledPromptBehavior: dismiss and notify, webauthn:extension:credBlob: true, webauthn:extension:largeBlob: true, webauthn:virtualAuthenticators: true}
Session ID: 59356ba5e4b2062ac397753067320a41
at java.base/jdk.internal.reflect.NativeConstructorAccessorImpl.newInstance0(Native Method)
at java.base/jdk.internal.reflect.NativeConstructorAccessorImpl.newInstance(NativeConstructorAccessorImpl.java:62)
at java.base/jdk.internal.reflect.DelegatingConstructorAccessorImpl.newInstance(DelegatingConstructorAccessorImpl.java:45)
at java.base/java.lang.reflect.Constructor.newInstance(Constructor.java:490)
at org.openqa.selenium.remote.codec.w3c.W3CHttpResponseCodec.createException(W3CHttpResponseCodec.java:200)
at org.openqa.selenium.remote.codec.w3c.W3CHttpResponseCodec.decode(W3CHttpResponseCodec.java:133)
at org.openqa.selenium.remote.codec.w3c.W3CHttpResponseCodec.decode(W3CHttpResponseCodec.java:53)
at org.openqa.selenium.remote.HttpCommandExecutor.execute(HttpCommandExecutor.java:184)
at org.openqa.selenium.remote.service.DriverCommandExecutor.invokeExecute(DriverCommandExecutor.java:167)
at org.openqa.selenium.remote.service.DriverCommandExecutor.execute(DriverCommandExecutor.java:142)
at org.openqa.selenium.remote.RemoteWebDriver.execute(RemoteWebDriver.java:541)
at org.openqa.selenium.remote.RemoteWebDriver.perform(RemoteWebDriver.java:609)
at org.openqa.selenium.interactions.Actions$BuiltAction.perform(Actions.java:567)
at org.openqa.selenium.interactions.Actions.perform(Actions.java:536)
at com.nopcommerce.demo.utility.Utility.mouseHoverToElementAndClick(Utility.java:241)
at com.nopcommerce.demo.pages.Electronics.mouseHoverOnCellPhonesAndClick(Electronics.java:219)
at com.nopcommerce.demo.testsuite.ElectronicTest.verifyUserShouldNavigateToCellPhonesPageSuccessfully(ElectronicTest.java:24)
at java.base/jdk.internal.reflect.NativeMethodAccessorImpl.invoke0(Native Method)
at java.base/jdk.internal.reflect.NativeMethodAccessorImpl.invoke(NativeMethodAccessorImpl.java:62)
at java.base/jdk.internal.reflect.DelegatingMethodAccessorImpl.invoke(DelegatingMethodAccessorImpl.java:43)
at java.base/java.lang.reflect.Method.invoke(Method.java:566)
at org.testng.internal.invokers.MethodInvocationHelper.invokeMethod(MethodInvocationHelper.java:135)
at org.testng.internal.invokers.TestInvoker.invokeMethod(TestInvoker.java:673)
at org.testng.internal.invokers.TestInvoker.invokeTestMethod(TestInvoker.java:220)
at org.testng.internal.invokers.MethodRunner.runInSequence(MethodRunner.java:50)
at org.testng.internal.invokers.TestInvoker$MethodInvocationAgent.invoke(TestInvoker.java:945)
at org.testng.internal.invokers.TestInvoker.invokeTestMethods(TestInvoker.java:193)
at org.testng.internal.invokers.TestMethodWorker.invokeTestMethods(TestMethodWorker.java:146)
at org.testng.internal.invokers.TestMethodWorker.run(TestMethodWorker.java:128)
at java.base/java.util.ArrayList.forEach(ArrayList.java:1541)
at org.testng.TestRunner.privateRun(TestRunner.java:808)
at org.testng.TestRunner.run(TestRunner.java:603)
at org.testng.SuiteRunner.runTest(SuiteRunner.java:429)
at org.testng.SuiteRunner.runSequentially(SuiteRunner.java:423)
at org.testng.SuiteRunner.privateRun(SuiteRunner.java:383)
at org.testng.SuiteRunner.run(SuiteRunner.java:326)
at org.testng.SuiteRunnerWorker.runSuite(SuiteRunnerWorker.java:52)
at org.testng.SuiteRunnerWorker.run(SuiteRunnerWorker.java:95)
at org.testng.TestNG.runSuitesSequentially(TestNG.java:1249)
at org.testng.TestNG.runSuitesLocally(TestNG.java:1169)
at org.testng.TestNG.runSuites(TestNG.java:1092)
at org.testng.TestNG.run(TestNG.java:1060)
at com.intellij.rt.testng.IDEARemoteTestNG.run(IDEARemoteTestNG.java:66)
at com.intellij.rt.testng.RemoteTestNGStarter.main(RemoteTestNGStarter.java:109)
]]>
            </full-stacktrace>
          </exception> <!-- org.openqa.selenium.ElementNotInteractableException -->
          <reporter-output>
            <line>
              <![CDATA[mouseHoverOnElectronics[[ChromeDriver: chrome on WINDOWS (59356ba5e4b2062ac397753067320a41)] -> xpath: //body/div[6]/div[2]/ul[1]/li[2]/a[1]]]]>
            </line>
            <line>
              <![CDATA[mouseHoverOnCellPhonesAndClick[[ChromeDriver: chrome on WINDOWS (59356ba5e4b2062ac397753067320a41)] -> xpath: //body/div[6]/div[2]/ul[1]/li[2]/ul[1]/li[2]/a[1]]]]>
            </line>
            <line>
              <![CDATA[Click to see screenshot]]>
            </line>
            <line>
              <![CDATA[<a target = "_blank" href=C:\Users\Nimisha\Week15-project4-com-nopcommerce.demo-page-factory_NimishaPatel/test-output/html/verifyUserShouldNavigateToCellPhonesPageSuccessfullyTue_Dec_13_16_47_37_GMT_2022.jpg>Screenshot</a>]]>
            </line>
            <line>
              <![CDATA[<br>]]>
            </line>
            <line>
              <![CDATA[Click to see screenshot]]>
            </line>
            <line>
              <![CDATA[<a target = "_blank" href=C:\Users\Nimisha\Week15-project4-com-nopcommerce.demo-page-factory_NimishaPatel/test-output/html/verifyUserShouldNavigateToCellPhonesPageSuccessfullyTue_Dec_13_16_47_37_GMT_2022.jpg>Screenshot</a>]]>
            </line>
            <line>
              <![CDATA[<br>]]>
            </line>
          </reporter-output>
        </test-method> <!-- verifyUserShouldNavigateToCellPhonesPageSuccessfully -->
        <test-method is-config="true" signature="tearDown()[pri:0, instance:com.nopcommerce.demo.testsuite.ElectronicTest@b9b00e0]" started-at="2022-12-13T16:47:37 GMT" name="tearDown" finished-at="2022-12-13T16:47:38 GMT" duration-ms="909" status="PASS">
          <reporter-output>
          </reporter-output>
        </test-method> <!-- tearDown -->
      </class> <!-- com.nopcommerce.demo.testsuite.ElectronicTest -->
    </test> <!-- Login Test -->
  </suite> <!-- Testsuite -->
</testng-results>
